  Item.cpp
C:\GLP\PacMan\Wall.h(7,10): error C2061: syntax error: identifier 'Map'
C:\GLP\PacMan\Wall.h(9,8): error C2143: syntax error: missing ';' before '&'
C:\GLP\PacMan\Wall.h(9,8): error C4430: missing type specifier - int assumed. Note: C++ does not support default-int
C:\GLP\PacMan\Wall.h(9,14): error C2238: unexpected token(s) preceding ';'
C:\GLP\PacMan\Player.h(7,12): error C2061: syntax error: identifier 'Map'
C:\GLP\PacMan\Player.h(12,8): error C2143: syntax error: missing ';' before '&'
C:\GLP\PacMan\Player.h(12,8): error C4430: missing type specifier - int assumed. Note: C++ does not support default-int
C:\GLP\PacMan\Player.h(12,14): error C2238: unexpected token(s) preceding ';'
C:\GLP\PacMan\NPC.h(7,9): error C2061: syntax error: identifier 'Map'
C:\GLP\PacMan\NPC.h(10,8): error C2143: syntax error: missing ';' before '&'
C:\GLP\PacMan\NPC.h(10,8): error C4430: missing type specifier - int assumed. Note: C++ does not support default-int
C:\GLP\PacMan\NPC.h(10,14): error C2238: unexpected token(s) preceding ';'
C:\GLP\PacMan\Map.h(21,17): error C2065: 'Item': undeclared identifier
C:\GLP\PacMan\Map.h(21,10): error C2923: 'std::vector': 'Item' is not a valid template type argument for parameter '_Ty'
C:\GLP\PacMan\Map.h(21): message : see declaration of 'Item'
C:\GLP\PacMan\Map.h(21,10): error C2976: 'std::vector': too few template arguments
C:\Program Files\Microsoft Visual Studio\2022\Community\VC\Tools\MSVC\14.31.31103\include\vector(432): message : see declaration of 'std::vector'
C:\GLP\PacMan\Map.h(28,17): error C2065: 'Item': undeclared identifier
C:\GLP\PacMan\Map.h(28,10): error C2923: 'std::vector': 'Item' is not a valid template type argument for parameter '_Ty'
C:\GLP\PacMan\Map.h(28): message : see declaration of 'Item'
C:\GLP\PacMan\Map.h(28,10): error C2976: 'std::vector': too few template arguments
C:\Program Files\Microsoft Visual Studio\2022\Community\VC\Tools\MSVC\14.31.31103\include\vector(432): message : see declaration of 'std::vector'
  Main.cpp
C:\GLP\PacMan\Item.h(7,10): error C2061: syntax error: identifier 'Map'
C:\GLP\PacMan\Item.h(9,8): error C2143: syntax error: missing ';' before '&'
C:\GLP\PacMan\Item.h(9,8): error C4430: missing type specifier - int assumed. Note: C++ does not support default-int
C:\GLP\PacMan\Item.h(9,14): error C2238: unexpected token(s) preceding ';'
C:\GLP\PacMan\Player.h(7,12): error C2061: syntax error: identifier 'Map'
C:\GLP\PacMan\Player.h(12,8): error C2143: syntax error: missing ';' before '&'
C:\GLP\PacMan\Player.h(12,8): error C4430: missing type specifier - int assumed. Note: C++ does not support default-int
C:\GLP\PacMan\Player.h(12,14): error C2238: unexpected token(s) preceding ';'
C:\GLP\PacMan\NPC.h(7,9): error C2061: syntax error: identifier 'Map'
C:\GLP\PacMan\NPC.h(10,8): error C2143: syntax error: missing ';' before '&'
C:\GLP\PacMan\NPC.h(10,8): error C4430: missing type specifier - int assumed. Note: C++ does not support default-int
C:\GLP\PacMan\NPC.h(10,14): error C2238: unexpected token(s) preceding ';'
C:\GLP\PacMan\Map.h(20,17): error C2065: 'Wall': undeclared identifier
C:\GLP\PacMan\Map.h(20,10): error C2923: 'std::vector': 'Wall' is not a valid template type argument for parameter '_Ty'
C:\GLP\PacMan\Map.h(20): message : see declaration of 'Wall'
C:\GLP\PacMan\Map.h(20,10): error C2976: 'std::vector': too few template arguments
C:\Program Files\Microsoft Visual Studio\2022\Community\VC\Tools\MSVC\14.31.31103\include\vector(432): message : see declaration of 'std::vector'
C:\GLP\PacMan\Map.h(26,17): error C2065: 'Wall': undeclared identifier
C:\GLP\PacMan\Map.h(26,10): error C2923: 'std::vector': 'Wall' is not a valid template type argument for parameter '_Ty'
C:\GLP\PacMan\Map.h(26): message : see declaration of 'Wall'
C:\GLP\PacMan\Map.h(26,10): error C2976: 'std::vector': too few template arguments
C:\Program Files\Microsoft Visual Studio\2022\Community\VC\Tools\MSVC\14.31.31103\include\vector(432): message : see declaration of 'std::vector'
  Map.cpp
C:\GLP\PacMan\Wall.h(7,10): error C2061: syntax error: identifier 'Map'
C:\GLP\PacMan\Wall.h(9,8): error C2143: syntax error: missing ';' before '&'
C:\GLP\PacMan\Wall.h(9,8): error C4430: missing type specifier - int assumed. Note: C++ does not support default-int
C:\GLP\PacMan\Wall.h(9,14): error C2238: unexpected token(s) preceding ';'
C:\GLP\PacMan\Item.h(7,10): error C2061: syntax error: identifier 'Map'
C:\GLP\PacMan\Item.h(9,8): error C2143: syntax error: missing ';' before '&'
C:\GLP\PacMan\Item.h(9,8): error C4430: missing type specifier - int assumed. Note: C++ does not support default-int
C:\GLP\PacMan\Item.h(9,14): error C2238: unexpected token(s) preceding ';'
C:\GLP\PacMan\Player.h(7,12): error C2061: syntax error: identifier 'Map'
C:\GLP\PacMan\Player.h(12,8): error C2143: syntax error: missing ';' before '&'
C:\GLP\PacMan\Player.h(12,8): error C4430: missing type specifier - int assumed. Note: C++ does not support default-int
C:\GLP\PacMan\Player.h(12,14): error C2238: unexpected token(s) preceding ';'
C:\GLP\PacMan\NPC.h(7,9): error C2061: syntax error: identifier 'Map'
C:\GLP\PacMan\NPC.h(10,8): error C2143: syntax error: missing ';' before '&'
C:\GLP\PacMan\NPC.h(10,8): error C4430: missing type specifier - int assumed. Note: C++ does not support default-int
C:\GLP\PacMan\NPC.h(10,14): error C2238: unexpected token(s) preceding ';'
C:\GLP\PacMan\Map.cpp(3,95): error C2661: 'Player::Player': no overloaded function takes 3 arguments
C:\GLP\PacMan\Map.cpp(3,95): error C2661: 'NPC::NPC': no overloaded function takes 3 arguments
C:\GLP\PacMan\Map.cpp(14,99): error C2440: '<function-style-cast>': cannot convert from 'initializer list' to 'Wall'
C:\GLP\PacMan\Map.cpp(14,99): message : No constructor could take the source type, or constructor overload resolution was ambiguous
C:\GLP\PacMan\Map.cpp(18,99): error C2440: '<function-style-cast>': cannot convert from 'initializer list' to 'Item'
C:\GLP\PacMan\Map.cpp(18,99): message : No constructor could take the source type, or constructor overload resolution was ambiguous
C:\GLP\PacMan\Map.cpp(51,9): error C2065: 'MyFont': undeclared identifier
C:\GLP\PacMan\Map.cpp(51,16): error C2146: syntax error: missing ';' before identifier 'game_over'
C:\GLP\PacMan\Map.cpp(51,16): error C3861: 'game_over': identifier not found
C:\GLP\PacMan\Map.cpp(53,25): error C2065: 'game_over': undeclared identifier
C:\GLP\PacMan\Map.cpp(61,9): error C2065: 'MyFont': undeclared identifier
C:\GLP\PacMan\Map.cpp(61,16): error C2146: syntax error: missing ';' before identifier 'score'
C:\GLP\PacMan\Map.cpp(61,16): error C3861: 'score': identifier not found
C:\GLP\PacMan\Map.cpp(62,25): error C2065: 'score': undeclared identifier
  MyFont.cpp
  NPC.cpp
C:\GLP\PacMan\Wall.h(7,10): error C2061: syntax error: identifier 'Map'
C:\GLP\PacMan\Wall.h(9,8): error C2143: syntax error: missing ';' before '&'
C:\GLP\PacMan\Wall.h(9,8): error C4430: missing type specifier - int assumed. Note: C++ does not support default-int
C:\GLP\PacMan\Wall.h(9,14): error C2238: unexpected token(s) preceding ';'
C:\GLP\PacMan\Item.h(7,10): error C2061: syntax error: identifier 'Map'
C:\GLP\PacMan\Item.h(9,8): error C2143: syntax error: missing ';' before '&'
C:\GLP\PacMan\Item.h(9,8): error C4430: missing type specifier - int assumed. Note: C++ does not support default-int
C:\GLP\PacMan\Item.h(9,14): error C2238: unexpected token(s) preceding ';'
C:\GLP\PacMan\Player.h(7,12): error C2061: syntax error: identifier 'Map'
C:\GLP\PacMan\Player.h(12,8): error C2143: syntax error: missing ';' before '&'
C:\GLP\PacMan\Player.h(12,8): error C4430: missing type specifier - int assumed. Note: C++ does not support default-int
C:\GLP\PacMan\Player.h(12,14): error C2238: unexpected token(s) preceding ';'
C:\GLP\PacMan\Map.h(30,9): error C3646: 'npc_': unknown override specifier
C:\GLP\PacMan\Map.h(30,13): error C4430: missing type specifier - int assumed. Note: C++ does not support default-int
  Player.cpp
C:\GLP\PacMan\Wall.h(7,10): error C2061: syntax error: identifier 'Map'
C:\GLP\PacMan\Wall.h(9,8): error C2143: syntax error: missing ';' before '&'
C:\GLP\PacMan\Wall.h(9,8): error C4430: missing type specifier - int assumed. Note: C++ does not support default-int
C:\GLP\PacMan\Wall.h(9,14): error C2238: unexpected token(s) preceding ';'
C:\GLP\PacMan\Item.h(7,10): error C2061: syntax error: identifier 'Map'
C:\GLP\PacMan\Item.h(9,8): error C2143: syntax error: missing ';' before '&'
C:\GLP\PacMan\Item.h(9,8): error C4430: missing type specifier - int assumed. Note: C++ does not support default-int
C:\GLP\PacMan\Item.h(9,14): error C2238: unexpected token(s) preceding ';'
C:\GLP\PacMan\NPC.h(7,9): error C2061: syntax error: identifier 'Map'
C:\GLP\PacMan\NPC.h(10,8): error C2143: syntax error: missing ';' before '&'
C:\GLP\PacMan\NPC.h(10,8): error C4430: missing type specifier - int assumed. Note: C++ does not support default-int
C:\GLP\PacMan\NPC.h(10,14): error C2238: unexpected token(s) preceding ';'
C:\GLP\PacMan\Map.h(29,12): error C3646: 'player_': unknown override specifier
C:\GLP\PacMan\Map.h(29,19): error C4430: missing type specifier - int assumed. Note: C++ does not support default-int
  Wall.cpp
C:\GLP\PacMan\Item.h(7,10): error C2061: syntax error: identifier 'Map'
C:\GLP\PacMan\Item.h(9,8): error C2143: syntax error: missing ';' before '&'
C:\GLP\PacMan\Item.h(9,8): error C4430: missing type specifier - int assumed. Note: C++ does not support default-int
C:\GLP\PacMan\Item.h(9,14): error C2238: unexpected token(s) preceding ';'
C:\GLP\PacMan\Player.h(7,12): error C2061: syntax error: identifier 'Map'
C:\GLP\PacMan\Player.h(12,8): error C2143: syntax error: missing ';' before '&'
C:\GLP\PacMan\Player.h(12,8): error C4430: missing type specifier - int assumed. Note: C++ does not support default-int
C:\GLP\PacMan\Player.h(12,14): error C2238: unexpected token(s) preceding ';'
C:\GLP\PacMan\NPC.h(7,9): error C2061: syntax error: identifier 'Map'
C:\GLP\PacMan\NPC.h(10,8): error C2143: syntax error: missing ';' before '&'
C:\GLP\PacMan\NPC.h(10,8): error C4430: missing type specifier - int assumed. Note: C++ does not support default-int
C:\GLP\PacMan\NPC.h(10,14): error C2238: unexpected token(s) preceding ';'
C:\GLP\PacMan\Map.h(20,17): error C2065: 'Wall': undeclared identifier
C:\GLP\PacMan\Map.h(20,10): error C2923: 'std::vector': 'Wall' is not a valid template type argument for parameter '_Ty'
C:\GLP\PacMan\Map.h(20): message : see declaration of 'Wall'
C:\GLP\PacMan\Map.h(20,10): error C2976: 'std::vector': too few template arguments
C:\Program Files\Microsoft Visual Studio\2022\Community\VC\Tools\MSVC\14.31.31103\include\vector(432): message : see declaration of 'std::vector'
C:\GLP\PacMan\Map.h(26,17): error C2065: 'Wall': undeclared identifier
C:\GLP\PacMan\Map.h(26,10): error C2923: 'std::vector': 'Wall' is not a valid template type argument for parameter '_Ty'
C:\GLP\PacMan\Map.h(26): message : see declaration of 'Wall'
C:\GLP\PacMan\Map.h(26,10): error C2976: 'std::vector': too few template arguments
C:\Program Files\Microsoft Visual Studio\2022\Community\VC\Tools\MSVC\14.31.31103\include\vector(432): message : see declaration of 'std::vector'
  Generating Code...
